<?xml version="1.0" encoding="UTF-8"?>
<!-- Generated by org.testng.reporters.JUnitReportReporter -->
<testsuite skipped="0" hostname="MACAIM00840" name="demo.selenium.SeleniumFramework.HomePage" tests="2" failures="0" timestamp="2019-10-16T19:01:26 IST" time="31.563" errors="0">
  <testcase name="basePageNavigation" time="6.714" classname="demo.selenium.SeleniumFramework.HomePage"/>
  <testcase name="basePageNavigation" time="24.849" classname="demo.selenium.SeleniumFramework.HomePage"/>
</testsuite> <!-- demo.selenium.SeleniumFramework.HomePage -->
